Command line:
   CLA_16bit_withLCU_isim_beh.exe
     -simmode  gui
     -simrunnum  0
     -socket  47043

Tue Aug 30 18:10:59 2022


 Elaboration Time: 0.01 sec

 Current Memory Usage: 184.127 Meg

 Total Signals          : 65
 Total Nets             : 125
 Total Signal Drivers   : 48
 Total Blocks           : 7
 Total Primitive Blocks : 6
 Total Processes        : 49
 Total Traceable Variables  : 18
 Total Scalar Nets and Variables : 205
Total Line Count : 57

 Total Simulation Time: 0.02 sec

 Current Memory Usage: 259.629 Meg

Tue Aug 30 18:11:04 2022

