Command line:
   Add_by_1_isim_beh.exe
     -simmode  gui
     -simrunnum  0
     -socket  55181

Wed Sep 14 14:18:13 2022


 Elaboration Time: 0 sec

 Current Memory Usage: 184.222 Meg

 Total Signals          : 15
 Total Nets             : 21
 Total Signal Drivers   : 9
 Total Blocks           : 2
 Total Primitive Blocks : 2
 Total Processes        : 10
 Total Traceable Variables  : 18
 Total Scalar Nets and Variables : 101
Total Line Count : 18

 Total Simulation Time: 0 sec

 Current Memory Usage: 259.723 Meg

Wed Sep 14 14:18:18 2022

